2020-07-02 16:40:51 +0800 , LiuPiPiPi : update pom.xml
2020-07-02 16:38:36 +0800 , dzjshfu : update README.md
2020-07-02 16:34:03 +0800 , jayhu11 : upload web function - quick view update home.html
2020-07-02 16:32:41 +0800 , LiuPiPiPi : upload web function - login and logout and forbidden
2020-07-02 16:30:53 +0800 , 1774150545 : upload function - pdf view
2020-07-02 16:21:22 +0800 , dzjshfu : update README.md
2020-07-02 16:16:28 +0800 , LP学长 : update js files
2020-07-02 16:12:57 +0800 , jayhu11 : update TCDS back-end code
2020-07-02 16:08:26 +0800 , LP学长 : updata server tools
2020-07-02 16:06:17 +0800 , jayhu11 : updata server tools
2020-07-02 16:03:35 +0800 , LiuPiPiPi : upload server controller
2020-07-02 16:02:19 +0800 , 1774150545 : update server util v3.0
2020-07-02 16:00:47 +0800 , LiuPiPiPi : update server util
2020-07-02 16:00:11 +0800 , LiuPiPiPi : update server util
2020-07-02 15:57:35 +0800 , dzjshfu : update server util - file encode and folder util
2020-07-02 15:56:09 +0800 , jayhu11 : update server util - file transformer
2020-07-02 15:54:43 +0800 , 1774150545 : complete update server util - ConfigureReader
2020-07-02 15:53:52 +0800 , LiuPiPiPi : update server util - CharsetDetectionObserverImpl
2020-07-02 15:52:46 +0800 , LiuPiPiPi : update server util - AESCipher
2020-07-02 12:01:26 +0800 , 1774150545 : fundamental project files 上传了部分后端代码
2020-07-02 11:55:08 +0800 , LiuPiPiPi : Merge branch 'master' of https://github.com/LiuPiPiPi/TinyCloudDisk
2020-07-02 11:54:07 +0800 , LiuPiPiPi : transfer maven proj
2020-07-02 11:39:18 +0800 , dzjshfu : complete 用户手册v2.0 docx文件
2020-07-02 11:38:48 +0800 , LiuPiPiPi : add libs
2020-07-02 11:31:09 +0800 , 1774150545 : 删除一个上传错误的目录
2020-07-02 11:11:04 +0800 , jayhu11 : update main class
2020-07-02 11:09:39 +0800 , LiuPiPiPi : update mybatis.xml
2020-07-02 11:08:43 +0800 , LiuPiPiPi : upload database of file system
2020-07-02 10:55:40 +0800 , 1774150545 : 前端网页js文件以及一些开源js插件
2020-07-02 10:51:40 +0800 , 1774150545 : 前端css文件
2020-07-02 09:28:10 +0800 , LiuPiPiPi : complete 用户手册v1.0 docx文件 upload 相关参考文档
2020-07-02 09:24:53 +0800 , LiuPiPiPi : complete 用户手册v1.0 md文件 （语雀语法错误，预览效果不佳）
2020-07-01 11:18:47 +0800 , 1774150545 : 后端部分的基本目录结构
2020-07-01 10:53:02 +0800 , 1774150545 : mapper文件修改
2020-06-29 00:00:19 +0800 , 1774150545 : 视频播放插件
2020-06-28 23:35:57 +0800 , 1774150545 : Merge remote-tracking branch 'origin/master'
2020-06-28 23:15:34 +0800 , jayhu11 : 更新pom配置
2020-06-28 21:49:00 +0800 , LiuPiPiPi : 项目开发版本记录和管理记录更新（更新日志—>语雀平台） by 刘碧豪
2020-06-28 21:37:10 +0800 , LiuPiPiPi : 软件用户手册更新（更新日志—>语雀平台） version 1.0 by 刘碧豪
2020-06-28 19:40:33 +0800 , LiuPiPiPi : 上传文件框 upload file box
2020-06-28 12:35:03 +0800 , LiuPiPiPi : initial website structure and home.html
2020-06-28 04:00:44 +0800 , 1774150545 : 配置账户和文件选项
2020-06-27 21:23:30 +0800 , LiuPiPiPi : 用户手册（未编辑） v0.1 by 刘碧豪
2020-06-27 16:02:58 +0800 , 1774150545 : 项目配置管理计划1.0
2020-06-27 13:40:52 +0800 , dzjshfu : merge
2020-06-27 13:27:45 +0800 , dzjshfu : add SADD file
2020-06-27 10:47:40 +0800 , jayhu11 : 数据库设计文档docx版
2020-06-24 15:44:28 +0800 , LP学长 : 文档更新 6-24
2020-06-24 15:42:16 +0800 , LP学长 : 文档更新 6-24
2020-06-24 10:41:49 +0800 , LiuPiPiPi : initial commit 1.1
2020-06-24 09:39:23 +0800 , LiuPiPiPi : initial commit
2020-06-24 09:16:52 +0800 , LP学长 : Update README.md
2020-06-24 09:16:24 +0800 , LP学长 : Initial commit